<?xml version="1.0" encoding="UTF-8"?>
<coverage generated="1776641583963" clover="3.2.0">
  <project timestamp="1776641583963" name="All files">
    <metrics statements="92" coveredstatements="85" conditionals="69" coveredconditionals="61" methods="30" coveredmethods="23" elements="191" coveredelements="169" complexity="0" loc="92" ncloc="92" packages="3" files="7" classes="7"/>
    <package name="src">
      <metrics statements="30" coveredstatements="29" conditionals="12" coveredconditionals="10" methods="6" coveredmethods="5"/>
      <file name="App.jsx" path="/home/priyatna/Downloads/Resume priyatna/dicoding/ims-finance-app/src/App.jsx">
        <metrics statements="30" coveredstatements="29" conditionals="12" coveredconditionals="10" methods="6" coveredmethods="5"/>
        <line num="24" count="1" type="stmt"/>
        <line num="25" count="1" type="stmt"/>
        <line num="29" count="59" type="stmt"/>
        <line num="37" count="59" type="stmt"/>
        <line num="38" count="59" type="stmt"/>
        <line num="40" count="59" type="stmt"/>
        <line num="43" count="9" type="stmt"/>
        <line num="44" count="9" type="stmt"/>
        <line num="45" count="9" type="stmt"/>
        <line num="49" count="22" type="stmt"/>
        <line num="50" count="22" type="cond" truecount="2" falsecount="0"/>
        <line num="51" count="4" type="stmt"/>
        <line num="52" count="4" type="stmt"/>
        <line num="54" count="18" type="stmt"/>
        <line num="57" count="18" type="stmt"/>
        <line num="58" count="18" type="stmt"/>
        <line num="59" count="18" type="stmt"/>
        <line num="60" count="18" type="stmt"/>
        <line num="61" count="18" type="stmt"/>
        <line num="62" count="18" type="stmt"/>
        <line num="63" count="18" type="stmt"/>
        <line num="64" count="18" type="stmt"/>
        <line num="65" count="18" type="stmt"/>
        <line num="66" count="18" type="stmt"/>
        <line num="71" count="18" type="stmt"/>
        <line num="76" count="18" type="stmt"/>
        <line num="81" count="18" type="stmt"/>
        <line num="86" count="59" type="stmt"/>
        <line num="112" count="54" type="stmt"/>
        <line num="115" count="0" type="stmt"/>
      </file>
    </package>
    <package name="src.components">
      <metrics statements="10" coveredstatements="4" conditionals="24" coveredconditionals="18" methods="10" coveredmethods="4"/>
      <file name="FormKredit.jsx" path="/home/priyatna/Downloads/Resume priyatna/dicoding/ims-finance-app/src/components/FormKredit.jsx">
        <metrics statements="1" coveredstatements="1" conditionals="24" coveredconditionals="18" methods="1" coveredmethods="1"/>
        <line num="13" count="59" type="stmt"/>
      </file>
      <file name="HasilKalkulasi.jsx" path="/home/priyatna/Downloads/Resume priyatna/dicoding/ims-finance-app/src/components/HasilKalkulasi.jsx">
        <metrics statements="1" coveredstatements="1" conditionals="0" coveredconditionals="0" methods="1" coveredmethods="1"/>
        <line num="13" count="18" type="stmt"/>
      </file>
      <file name="TabSoal2.jsx" path="/home/priyatna/Downloads/Resume priyatna/dicoding/ims-finance-app/src/components/TabSoal2.jsx">
        <metrics statements="1" coveredstatements="0" conditionals="0" coveredconditionals="0" methods="1" coveredmethods="0"/>
        <line num="16" count="0" type="stmt"/>
      </file>
      <file name="TabSoal3.jsx" path="/home/priyatna/Downloads/Resume priyatna/dicoding/ims-finance-app/src/components/TabSoal3.jsx">
        <metrics statements="5" coveredstatements="0" conditionals="0" coveredconditionals="0" methods="5" coveredmethods="0"/>
        <line num="17" count="0" type="stmt"/>
        <line num="18" count="0" type="stmt"/>
        <line num="20" count="0" type="stmt"/>
        <line num="101" count="0" type="stmt"/>
        <line num="133" count="0" type="stmt"/>
      </file>
      <file name="TabelJadwal.jsx" path="/home/priyatna/Downloads/Resume priyatna/dicoding/ims-finance-app/src/components/TabelJadwal.jsx">
        <metrics statements="2" coveredstatements="2" conditionals="0" coveredconditionals="0" methods="2" coveredmethods="2"/>
        <line num="17" count="18" type="stmt"/>
        <line num="38" count="336" type="stmt"/>
      </file>
    </package>
    <package name="src.utils">
      <metrics statements="52" coveredstatements="52" conditionals="33" coveredconditionals="33" methods="14" coveredmethods="14"/>
      <file name="kreditUtils.js" path="/home/priyatna/Downloads/Resume priyatna/dicoding/ims-finance-app/src/utils/kreditUtils.js">
        <metrics statements="52" coveredstatements="52" conditionals="33" coveredconditionals="33" methods="14" coveredmethods="14"/>
        <line num="17" count="24" type="cond" truecount="2" falsecount="0"/>
        <line num="18" count="3" type="stmt"/>
        <line num="19" count="21" type="cond" truecount="2" falsecount="0"/>
        <line num="20" count="18" type="stmt"/>
        <line num="22" count="3" type="stmt"/>
        <line num="34" count="22" type="stmt"/>
        <line num="45" count="21" type="stmt"/>
        <line num="68" count="23" type="stmt"/>
        <line num="70" count="23" type="stmt"/>
        <line num="71" count="23" type="stmt"/>
        <line num="72" count="23" type="stmt"/>
        <line num="91" count="20" type="stmt"/>
        <line num="93" count="20" type="stmt"/>
        <line num="95" count="20" type="stmt"/>
        <line num="98" count="372" type="stmt"/>
        <line num="101" count="372" type="stmt"/>
        <line num="102" count="372" type="stmt"/>
        <line num="103" count="372" type="stmt"/>
        <line num="105" count="372" type="stmt"/>
        <line num="113" count="20" type="stmt"/>
        <line num="124" count="502" type="stmt"/>
        <line num="138" count="35" type="stmt"/>
        <line num="140" count="35" type="cond" truecount="4" falsecount="0"/>
        <line num="141" count="4" type="stmt"/>
        <line num="144" count="35" type="cond" truecount="4" falsecount="0"/>
        <line num="145" count="2" type="stmt"/>
        <line num="148" count="35" type="cond" truecount="5" falsecount="0"/>
        <line num="149" count="6" type="stmt"/>
        <line num="152" count="35" type="cond" truecount="2" falsecount="0"/>
        <line num="158" count="4" type="stmt"/>
        <line num="161" count="35" type="cond" truecount="5" falsecount="0"/>
        <line num="162" count="2" type="stmt"/>
        <line num="165" count="35" type="cond" truecount="2" falsecount="0"/>
        <line num="166" count="2" type="stmt"/>
        <line num="169" count="35" type="stmt"/>
        <line num="196" count="23" type="stmt"/>
        <line num="199" count="23" type="stmt"/>
        <line num="200" count="426" type="stmt"/>
        <line num="201" count="426" type="stmt"/>
        <line num="205" count="23" type="stmt"/>
        <line num="206" count="148" type="stmt"/>
        <line num="210" count="23" type="stmt"/>
        <line num="255" count="20" type="stmt"/>
        <line num="256" count="20" type="stmt"/>
        <line num="258" count="20" type="stmt"/>
        <line num="260" count="372" type="stmt"/>
        <line num="262" count="372" type="cond" truecount="2" falsecount="0"/>
        <line num="265" count="38" type="stmt"/>
        <line num="267" count="38" type="stmt"/>
        <line num="269" count="38" type="stmt"/>
        <line num="273" count="38" type="stmt"/>
        <line num="283" count="19" type="stmt"/>
      </file>
    </package>
  </project>
</coverage>
