{"/home/priyatna/Downloads/soal/ims-finance-app/src/App.jsx": {"path":"/home/priyatna/Downloads/soal/ims-finance-app/src/App.jsx","statementMap":{"0":{"start":{"line":25,"column":26},"end":{"line":32,"column":4}},"1":{"start":{"line":35,"column":30},"end":{"line":35,"column":42}},"2":{"start":{"line":38,"column":30},"end":{"line":38,"column":44}},"3":{"start":{"line":45,"column":28},"end":{"line":45,"column":36}},"4":{"start":{"line":46,"column":4},"end":{"line":46,"column":52}},"5":{"start":{"line":46,"column":23},"end":{"line":46,"column":49}},"6":{"start":{"line":48,"column":4},"end":{"line":48,"column":20}},"7":{"start":{"line":57,"column":29},"end":{"line":57,"column":47}},"8":{"start":{"line":59,"column":4},"end":{"line":63,"column":5}},"9":{"start":{"line":61,"column":6},"end":{"line":61,"column":34}},"10":{"start":{"line":62,"column":6},"end":{"line":62,"column":13}},"11":{"start":{"line":66,"column":4},"end":{"line":66,"column":18}},"12":{"start":{"line":69,"column":16},"end":{"line":69,"column":32}},"13":{"start":{"line":70,"column":18},"end":{"line":70,"column":37}},"14":{"start":{"line":71,"column":19},"end":{"line":71,"column":38}},"15":{"start":{"line":74,"column":15},"end":{"line":74,"column":35}},"16":{"start":{"line":75,"column":18},"end":{"line":75,"column":43}},"17":{"start":{"line":76,"column":39},"end":{"line":76,"column":55}},"18":{"start":{"line":77,"column":21},"end":{"line":77,"column":64}},"19":{"start":{"line":78,"column":23},"end":{"line":78,"column":35}},"20":{"start":{"line":79,"column":23},"end":{"line":79,"column":40}},"21":{"start":{"line":82,"column":19},"end":{"line":87,"column":5}},"22":{"start":{"line":90,"column":4},"end":{"line":101,"column":7}},"23":{"start":{"line":104,"column":2},"end":{"line":137,"column":4}}},"fnMap":{"0":{"name":"App","decl":{"start":{"line":23,"column":9},"end":{"line":23,"column":12}},"loc":{"start":{"line":23,"column":15},"end":{"line":138,"column":1}},"line":23},"1":{"name":"handleChange","decl":{"start":{"line":44,"column":11},"end":{"line":44,"column":23}},"loc":{"start":{"line":44,"column":27},"end":{"line":49,"column":3}},"line":44},"2":{"name":"(anonymous_2)","decl":{"start":{"line":46,"column":12},"end":{"line":46,"column":13}},"loc":{"start":{"line":46,"column":23},"end":{"line":46,"column":49}},"line":46},"3":{"name":"handleSubmit","decl":{"start":{"line":55,"column":11},"end":{"line":55,"column":23}},"loc":{"start":{"line":55,"column":26},"end":{"line":102,"column":3}},"line":55}},"branchMap":{"0":{"loc":{"start":{"line":59,"column":4},"end":{"line":63,"column":5}},"type":"if","locations":[{"start":{"line":59,"column":4},"end":{"line":63,"column":5}},{"start":{},"end":{}}],"line":59},"1":{"loc":{"start":{"line":125,"column":9},"end":{"line":130,"column":9}},"type":"binary-expr","locations":[{"start":{"line":125,"column":9},"end":{"line":125,"column":15}},{"start":{"line":126,"column":10},"end":{"line":129,"column":13}}],"line":125}},"s":{"0":59,"1":59,"2":59,"3":9,"4":9,"5":9,"6":9,"7":22,"8":22,"9":4,"10":4,"11":18,"12":18,"13":18,"14":18,"15":18,"16":18,"17":18,"18":18,"19":18,"20":18,"21":18,"22":18,"23":59},"f":{"0":59,"1":9,"2":9,"3":22},"b":{"0":[4,18],"1":[59,18]},"_coverageSchema":"1a1c01bbd47fc00a2c39e90264f33305004495a9","hash":"6aa35b699b8ed4d0306a455717d83b4de4890607"}
,"/home/priyatna/Downloads/soal/ims-finance-app/src/components/FormKredit.jsx": {"path":"/home/priyatna/Downloads/soal/ims-finance-app/src/components/FormKredit.jsx","statementMap":{"0":{"start":{"line":13,"column":2},"end":{"line":144,"column":4}}},"fnMap":{"0":{"name":"FormKredit","decl":{"start":{"line":12,"column":9},"end":{"line":12,"column":19}},"loc":{"start":{"line":12,"column":58},"end":{"line":145,"column":1}},"line":12}},"branchMap":{"0":{"loc":{"start":{"line":30,"column":23},"end":{"line":30,"column":61}},"type":"cond-expr","locations":[{"start":{"line":30,"column":43},"end":{"line":30,"column":56}},{"start":{"line":30,"column":59},"end":{"line":30,"column":61}}],"line":30},"1":{"loc":{"start":{"line":33,"column":11},"end":{"line":35,"column":11}},"type":"binary-expr","locations":[{"start":{"line":33,"column":11},"end":{"line":33,"column":28}},{"start":{"line":34,"column":12},"end":{"line":34,"column":66}}],"line":33},"2":{"loc":{"start":{"line":48,"column":23},"end":{"line":48,"column":62}},"type":"cond-expr","locations":[{"start":{"line":48,"column":44},"end":{"line":48,"column":57}},{"start":{"line":48,"column":60},"end":{"line":48,"column":62}}],"line":48},"3":{"loc":{"start":{"line":50,"column":11},"end":{"line":52,"column":11}},"type":"binary-expr","locations":[{"start":{"line":50,"column":11},"end":{"line":50,"column":29}},{"start":{"line":51,"column":12},"end":{"line":51,"column":67}}],"line":50},"4":{"loc":{"start":{"line":66,"column":23},"end":{"line":66,"column":54}},"type":"cond-expr","locations":[{"start":{"line":66,"column":36},"end":{"line":66,"column":49}},{"start":{"line":66,"column":52},"end":{"line":66,"column":54}}],"line":66},"5":{"loc":{"start":{"line":68,"column":11},"end":{"line":68,"column":72}},"type":"binary-expr","locations":[{"start":{"line":68,"column":11},"end":{"line":68,"column":21}},{"start":{"line":68,"column":25},"end":{"line":68,"column":72}}],"line":68},"6":{"loc":{"start":{"line":83,"column":23},"end":{"line":83,"column":57}},"type":"cond-expr","locations":[{"start":{"line":83,"column":39},"end":{"line":83,"column":52}},{"start":{"line":83,"column":55},"end":{"line":83,"column":57}}],"line":83},"7":{"loc":{"start":{"line":85,"column":11},"end":{"line":87,"column":11}},"type":"binary-expr","locations":[{"start":{"line":85,"column":11},"end":{"line":85,"column":24}},{"start":{"line":86,"column":12},"end":{"line":86,"column":62}}],"line":85},"8":{"loc":{"start":{"line":98,"column":23},"end":{"line":98,"column":57}},"type":"cond-expr","locations":[{"start":{"line":98,"column":39},"end":{"line":98,"column":52}},{"start":{"line":98,"column":55},"end":{"line":98,"column":57}}],"line":98},"9":{"loc":{"start":{"line":117,"column":11},"end":{"line":119,"column":11}},"type":"binary-expr","locations":[{"start":{"line":117,"column":11},"end":{"line":117,"column":24}},{"start":{"line":118,"column":12},"end":{"line":118,"column":62}}],"line":117},"10":{"loc":{"start":{"line":131,"column":23},"end":{"line":131,"column":61}},"type":"cond-expr","locations":[{"start":{"line":131,"column":43},"end":{"line":131,"column":56}},{"start":{"line":131,"column":59},"end":{"line":131,"column":61}}],"line":131},"11":{"loc":{"start":{"line":133,"column":11},"end":{"line":135,"column":11}},"type":"binary-expr","locations":[{"start":{"line":133,"column":11},"end":{"line":133,"column":28}},{"start":{"line":134,"column":12},"end":{"line":134,"column":66}}],"line":133}},"s":{"0":59},"f":{"0":59},"b":{"0":[1,58],"1":[59,1],"2":[0,59],"3":[59,0],"4":[2,57],"5":[59,2],"6":[1,58],"7":[59,1],"8":[0,59],"9":[59,0],"10":[0,59],"11":[59,0]},"_coverageSchema":"1a1c01bbd47fc00a2c39e90264f33305004495a9","hash":"d9686ad4892768a1e1c66702b827bde9292fb39b"}
,"/home/priyatna/Downloads/soal/ims-finance-app/src/components/HasilKalkulasi.jsx": {"path":"/home/priyatna/Downloads/soal/ims-finance-app/src/components/HasilKalkulasi.jsx","statementMap":{"0":{"start":{"line":13,"column":2},"end":{"line":69,"column":4}}},"fnMap":{"0":{"name":"HasilKalkulasi","decl":{"start":{"line":12,"column":9},"end":{"line":12,"column":23}},"loc":{"start":{"line":12,"column":43},"end":{"line":70,"column":1}},"line":12}},"branchMap":{},"s":{"0":18},"f":{"0":18},"b":{},"_coverageSchema":"1a1c01bbd47fc00a2c39e90264f33305004495a9","hash":"21e80a97ec716d2110353a033f513806e1c8cac1"}
,"/home/priyatna/Downloads/soal/ims-finance-app/src/components/TabelJadwal.jsx": {"path":"/home/priyatna/Downloads/soal/ims-finance-app/src/components/TabelJadwal.jsx","statementMap":{"0":{"start":{"line":17,"column":2},"end":{"line":71,"column":4}},"1":{"start":{"line":38,"column":14},"end":{"line":52,"column":19}}},"fnMap":{"0":{"name":"TabelJadwal","decl":{"start":{"line":16,"column":9},"end":{"line":16,"column":20}},"loc":{"start":{"line":16,"column":45},"end":{"line":72,"column":1}},"line":16},"1":{"name":"(anonymous_1)","decl":{"start":{"line":37,"column":24},"end":{"line":37,"column":25}},"loc":{"start":{"line":38,"column":14},"end":{"line":52,"column":19}},"line":38}},"branchMap":{},"s":{"0":18,"1":336},"f":{"0":18,"1":336},"b":{},"_coverageSchema":"1a1c01bbd47fc00a2c39e90264f33305004495a9","hash":"84d0a71441c678e5e9783eed8fc1dbb419c5dd4f"}
,"/home/priyatna/Downloads/soal/ims-finance-app/src/utils/kreditUtils.js": {"path":"/home/priyatna/Downloads/soal/ims-finance-app/src/utils/kreditUtils.js","statementMap":{"0":{"start":{"line":12,"column":2},"end":{"line":18,"column":3}},"1":{"start":{"line":13,"column":4},"end":{"line":13,"column":40}},"2":{"start":{"line":14,"column":9},"end":{"line":18,"column":3}},"3":{"start":{"line":15,"column":4},"end":{"line":15,"column":40}},"4":{"start":{"line":17,"column":4},"end":{"line":17,"column":43}},"5":{"start":{"line":29,"column":2},"end":{"line":29,"column":29}},"6":{"start":{"line":40,"column":2},"end":{"line":40,"column":18}},"7":{"start":{"line":63,"column":16},"end":{"line":63,"column":32}},"8":{"start":{"line":65,"column":21},"end":{"line":65,"column":51}},"9":{"start":{"line":66,"column":21},"end":{"line":66,"column":44}},"10":{"start":{"line":67,"column":2},"end":{"line":67,"column":46}},"11":{"start":{"line":86,"column":17},"end":{"line":86,"column":19}},"12":{"start":{"line":88,"column":29},"end":{"line":88,"column":64}},"13":{"start":{"line":90,"column":2},"end":{"line":106,"column":3}},"14":{"start":{"line":90,"column":15},"end":{"line":90,"column":16}},"15":{"start":{"line":93,"column":16},"end":{"line":93,"column":50}},"16":{"start":{"line":96,"column":17},"end":{"line":96,"column":34}},"17":{"start":{"line":97,"column":15},"end":{"line":97,"column":58}},"18":{"start":{"line":98,"column":15},"end":{"line":98,"column":53}},"19":{"start":{"line":100,"column":4},"end":{"line":105,"column":7}},"20":{"start":{"line":108,"column":2},"end":{"line":108,"column":16}},"21":{"start":{"line":119,"column":2},"end":{"line":122,"column":4}},"22":{"start":{"line":133,"column":17},"end":{"line":133,"column":19}},"23":{"start":{"line":135,"column":2},"end":{"line":137,"column":3}},"24":{"start":{"line":136,"column":4},"end":{"line":136,"column":52}},"25":{"start":{"line":139,"column":2},"end":{"line":141,"column":3}},"26":{"start":{"line":140,"column":4},"end":{"line":140,"column":50}},"27":{"start":{"line":143,"column":2},"end":{"line":145,"column":3}},"28":{"start":{"line":144,"column":4},"end":{"line":144,"column":61}},"29":{"start":{"line":147,"column":2},"end":{"line":154,"column":3}},"30":{"start":{"line":153,"column":4},"end":{"line":153,"column":62}},"31":{"start":{"line":156,"column":2},"end":{"line":158,"column":3}},"32":{"start":{"line":157,"column":4},"end":{"line":157,"column":57}},"33":{"start":{"line":160,"column":2},"end":{"line":162,"column":3}},"34":{"start":{"line":161,"column":4},"end":{"line":161,"column":61}},"35":{"start":{"line":164,"column":2},"end":{"line":164,"column":16}}},"fnMap":{"0":{"name":"getBunga","decl":{"start":{"line":11,"column":16},"end":{"line":11,"column":24}},"loc":{"start":{"line":11,"column":38},"end":{"line":19,"column":1}},"line":11},"1":{"name":"hitungDP","decl":{"start":{"line":28,"column":16},"end":{"line":28,"column":24}},"loc":{"start":{"line":28,"column":37},"end":{"line":30,"column":1}},"line":28},"2":{"name":"hitungPokokUtang","decl":{"start":{"line":39,"column":16},"end":{"line":39,"column":32}},"loc":{"start":{"line":39,"column":42},"end":{"line":41,"column":1}},"line":39},"3":{"name":"hitungAngsuranPerBulan","decl":{"start":{"line":61,"column":16},"end":{"line":61,"column":38}},"loc":{"start":{"line":61,"column":75},"end":{"line":68,"column":1}},"line":61},"4":{"name":"generateJadwalAngsuran","decl":{"start":{"line":80,"column":16},"end":{"line":80,"column":38}},"loc":{"start":{"line":85,"column":2},"end":{"line":109,"column":1}},"line":85},"5":{"name":"formatRupiah","decl":{"start":{"line":118,"column":16},"end":{"line":118,"column":28}},"loc":{"start":{"line":118,"column":36},"end":{"line":123,"column":1}},"line":118},"6":{"name":"validateForm","decl":{"start":{"line":132,"column":16},"end":{"line":132,"column":28}},"loc":{"start":{"line":132,"column":35},"end":{"line":165,"column":1}},"line":132}},"branchMap":{"0":{"loc":{"start":{"line":12,"column":2},"end":{"line":18,"column":3}},"type":"if","locations":[{"start":{"line":12,"column":2},"end":{"line":18,"column":3}},{"start":{"line":14,"column":9},"end":{"line":18,"column":3}}],"line":12},"1":{"loc":{"start":{"line":14,"column":9},"end":{"line":18,"column":3}},"type":"if","locations":[{"start":{"line":14,"column":9},"end":{"line":18,"column":3}},{"start":{"line":16,"column":9},"end":{"line":18,"column":3}}],"line":14},"2":{"loc":{"start":{"line":135,"column":2},"end":{"line":137,"column":3}},"type":"if","locations":[{"start":{"line":135,"column":2},"end":{"line":137,"column":3}},{"start":{},"end":{}}],"line":135},"3":{"loc":{"start":{"line":135,"column":6},"end":{"line":135,"column":49}},"type":"binary-expr","locations":[{"start":{"line":135,"column":6},"end":{"line":135,"column":22}},{"start":{"line":135,"column":26},"end":{"line":135,"column":49}}],"line":135},"4":{"loc":{"start":{"line":139,"column":2},"end":{"line":141,"column":3}},"type":"if","locations":[{"start":{"line":139,"column":2},"end":{"line":141,"column":3}},{"start":{},"end":{}}],"line":139},"5":{"loc":{"start":{"line":139,"column":6},"end":{"line":139,"column":51}},"type":"binary-expr","locations":[{"start":{"line":139,"column":6},"end":{"line":139,"column":23}},{"start":{"line":139,"column":27},"end":{"line":139,"column":51}}],"line":139},"6":{"loc":{"start":{"line":143,"column":2},"end":{"line":145,"column":3}},"type":"if","locations":[{"start":{"line":143,"column":2},"end":{"line":145,"column":3}},{"start":{},"end":{}}],"line":143},"7":{"loc":{"start":{"line":143,"column":6},"end":{"line":143,"column":53}},"type":"binary-expr","locations":[{"start":{"line":143,"column":6},"end":{"line":143,"column":15}},{"start":{"line":143,"column":19},"end":{"line":143,"column":35}},{"start":{"line":143,"column":39},"end":{"line":143,"column":53}}],"line":143},"8":{"loc":{"start":{"line":147,"column":2},"end":{"line":154,"column":3}},"type":"if","locations":[{"start":{"line":147,"column":2},"end":{"line":154,"column":3}},{"start":{},"end":{}}],"line":147},"9":{"loc":{"start":{"line":148,"column":4},"end":{"line":151,"column":23}},"type":"binary-expr","locations":[{"start":{"line":148,"column":4},"end":{"line":148,"column":22}},{"start":{"line":149,"column":4},"end":{"line":149,"column":23}},{"start":{"line":150,"column":4},"end":{"line":150,"column":20}},{"start":{"line":151,"column":4},"end":{"line":151,"column":23}}],"line":148},"10":{"loc":{"start":{"line":156,"column":2},"end":{"line":158,"column":3}},"type":"if","locations":[{"start":{"line":156,"column":2},"end":{"line":158,"column":3}},{"start":{},"end":{}}],"line":156},"11":{"loc":{"start":{"line":156,"column":6},"end":{"line":156,"column":61}},"type":"binary-expr","locations":[{"start":{"line":156,"column":6},"end":{"line":156,"column":18}},{"start":{"line":156,"column":22},"end":{"line":156,"column":41}},{"start":{"line":156,"column":45},"end":{"line":156,"column":61}}],"line":156},"12":{"loc":{"start":{"line":160,"column":2},"end":{"line":162,"column":3}},"type":"if","locations":[{"start":{"line":160,"column":2},"end":{"line":162,"column":3}},{"start":{},"end":{}}],"line":160}},"s":{"0":24,"1":3,"2":21,"3":18,"4":3,"5":22,"6":21,"7":23,"8":23,"9":23,"10":23,"11":19,"12":19,"13":19,"14":19,"15":354,"16":354,"17":354,"18":354,"19":354,"20":19,"21":502,"22":35,"23":35,"24":4,"25":35,"26":2,"27":35,"28":6,"29":35,"30":4,"31":35,"32":2,"33":35,"34":2,"35":35},"f":{"0":24,"1":22,"2":21,"3":23,"4":19,"5":502,"6":35},"b":{"0":[3,21],"1":[18,3],"2":[4,31],"3":[35,32],"4":[2,33],"5":[35,33],"6":[6,29],"7":[35,33,32],"8":[4,31],"9":[35,34,34,33],"10":[2,33],"11":[35,34,34],"12":[2,33]},"_coverageSchema":"1a1c01bbd47fc00a2c39e90264f33305004495a9","hash":"3aa8d9a8c6b04fadf03dbddb6ac800b414e3a760"}
}
