{"/home/priyatna/Downloads/Resume priyatna/dicoding/ims-finance-app/src/App.jsx": {"path":"/home/priyatna/Downloads/Resume priyatna/dicoding/ims-finance-app/src/App.jsx","statementMap":{"0":{"start":{"line":24,"column":22},"end":{"line":24,"column":34}},"1":{"start":{"line":25,"column":22},"end":{"line":25,"column":46}},"2":{"start":{"line":29,"column":26},"end":{"line":36,"column":4}},"3":{"start":{"line":37,"column":32},"end":{"line":37,"column":44}},"4":{"start":{"line":38,"column":32},"end":{"line":38,"column":46}},"5":{"start":{"line":40,"column":36},"end":{"line":40,"column":53}},"6":{"start":{"line":43,"column":28},"end":{"line":43,"column":36}},"7":{"start":{"line":44,"column":4},"end":{"line":44,"column":52}},"8":{"start":{"line":44,"column":23},"end":{"line":44,"column":49}},"9":{"start":{"line":45,"column":4},"end":{"line":45,"column":20}},"10":{"start":{"line":49,"column":29},"end":{"line":49,"column":47}},"11":{"start":{"line":50,"column":4},"end":{"line":53,"column":5}},"12":{"start":{"line":51,"column":6},"end":{"line":51,"column":34}},"13":{"start":{"line":52,"column":6},"end":{"line":52,"column":13}},"14":{"start":{"line":54,"column":4},"end":{"line":54,"column":18}},"15":{"start":{"line":57,"column":19},"end":{"line":57,"column":35}},"16":{"start":{"line":58,"column":19},"end":{"line":58,"column":38}},"17":{"start":{"line":59,"column":19},"end":{"line":59,"column":38}},"18":{"start":{"line":60,"column":19},"end":{"line":60,"column":39}},"19":{"start":{"line":61,"column":19},"end":{"line":61,"column":44}},"20":{"start":{"line":62,"column":39},"end":{"line":62,"column":55}},"21":{"start":{"line":63,"column":23},"end":{"line":63,"column":66}},"22":{"start":{"line":64,"column":23},"end":{"line":64,"column":51}},"23":{"start":{"line":65,"column":23},"end":{"line":65,"column":40}},"24":{"start":{"line":66,"column":23},"end":{"line":68,"column":5}},"25":{"start":{"line":71,"column":20},"end":{"line":73,"column":5}},"26":{"start":{"line":76,"column":22},"end":{"line":79,"column":5}},"27":{"start":{"line":81,"column":4},"end":{"line":83,"column":38}},"28":{"start":{"line":86,"column":2},"end":{"line":143,"column":4}},"29":{"start":{"line":112,"column":16},"end":{"line":118,"column":25}},"30":{"start":{"line":115,"column":33},"end":{"line":115,"column":53}}},"fnMap":{"0":{"name":"App","decl":{"start":{"line":27,"column":9},"end":{"line":27,"column":12}},"loc":{"start":{"line":27,"column":15},"end":{"line":144,"column":1}},"line":27},"1":{"name":"handleChange","decl":{"start":{"line":42,"column":11},"end":{"line":42,"column":23}},"loc":{"start":{"line":42,"column":27},"end":{"line":46,"column":3}},"line":42},"2":{"name":"(anonymous_2)","decl":{"start":{"line":44,"column":12},"end":{"line":44,"column":13}},"loc":{"start":{"line":44,"column":23},"end":{"line":44,"column":49}},"line":44},"3":{"name":"handleSubmit","decl":{"start":{"line":48,"column":11},"end":{"line":48,"column":23}},"loc":{"start":{"line":48,"column":26},"end":{"line":84,"column":3}},"line":48},"4":{"name":"(anonymous_4)","decl":{"start":{"line":111,"column":20},"end":{"line":111,"column":21}},"loc":{"start":{"line":112,"column":16},"end":{"line":118,"column":25}},"line":112},"5":{"name":"(anonymous_5)","decl":{"start":{"line":115,"column":27},"end":{"line":115,"column":28}},"loc":{"start":{"line":115,"column":33},"end":{"line":115,"column":53}},"line":115}},"branchMap":{"0":{"loc":{"start":{"line":50,"column":4},"end":{"line":53,"column":5}},"type":"if","locations":[{"start":{"line":50,"column":4},"end":{"line":53,"column":5}},{"start":{},"end":{}}],"line":50},"1":{"loc":{"start":{"line":103,"column":9},"end":{"line":136,"column":9}},"type":"binary-expr","locations":[{"start":{"line":103,"column":9},"end":{"line":103,"column":15}},{"start":{"line":104,"column":10},"end":{"line":135,"column":13}}],"line":103},"2":{"loc":{"start":{"line":114,"column":40},"end":{"line":114,"column":76}},"type":"cond-expr","locations":[{"start":{"line":114,"column":63},"end":{"line":114,"column":71}},{"start":{"line":114,"column":74},"end":{"line":114,"column":76}}],"line":114},"3":{"loc":{"start":{"line":123,"column":13},"end":{"line":128,"column":13}},"type":"binary-expr","locations":[{"start":{"line":123,"column":13},"end":{"line":123,"column":34}},{"start":{"line":124,"column":14},"end":{"line":127,"column":17}}],"line":123},"4":{"loc":{"start":{"line":129,"column":13},"end":{"line":131,"column":13}},"type":"binary-expr","locations":[{"start":{"line":129,"column":13},"end":{"line":129,"column":34}},{"start":{"line":130,"column":14},"end":{"line":130,"column":51}}],"line":129},"5":{"loc":{"start":{"line":132,"column":13},"end":{"line":134,"column":13}},"type":"binary-expr","locations":[{"start":{"line":132,"column":13},"end":{"line":132,"column":34}},{"start":{"line":133,"column":14},"end":{"line":133,"column":55}}],"line":132}},"s":{"0":1,"1":1,"2":59,"3":59,"4":59,"5":59,"6":9,"7":9,"8":9,"9":9,"10":22,"11":22,"12":4,"13":4,"14":18,"15":18,"16":18,"17":18,"18":18,"19":18,"20":18,"21":18,"22":18,"23":18,"24":18,"25":18,"26":18,"27":18,"28":59,"29":54,"30":0},"f":{"0":59,"1":9,"2":9,"3":22,"4":54,"5":0},"b":{"0":[4,18],"1":[59,18],"2":[18,36],"3":[18,18],"4":[18,0],"5":[18,0]},"_coverageSchema":"1a1c01bbd47fc00a2c39e90264f33305004495a9","hash":"03393d32fd7a8b51bb4448ce84e141410ac46464"}
,"/home/priyatna/Downloads/Resume priyatna/dicoding/ims-finance-app/src/components/FormKredit.jsx": {"path":"/home/priyatna/Downloads/Resume priyatna/dicoding/ims-finance-app/src/components/FormKredit.jsx","statementMap":{"0":{"start":{"line":13,"column":2},"end":{"line":144,"column":4}}},"fnMap":{"0":{"name":"FormKredit","decl":{"start":{"line":12,"column":9},"end":{"line":12,"column":19}},"loc":{"start":{"line":12,"column":58},"end":{"line":145,"column":1}},"line":12}},"branchMap":{"0":{"loc":{"start":{"line":30,"column":23},"end":{"line":30,"column":61}},"type":"cond-expr","locations":[{"start":{"line":30,"column":43},"end":{"line":30,"column":56}},{"start":{"line":30,"column":59},"end":{"line":30,"column":61}}],"line":30},"1":{"loc":{"start":{"line":33,"column":11},"end":{"line":35,"column":11}},"type":"binary-expr","locations":[{"start":{"line":33,"column":11},"end":{"line":33,"column":28}},{"start":{"line":34,"column":12},"end":{"line":34,"column":66}}],"line":33},"2":{"loc":{"start":{"line":48,"column":23},"end":{"line":48,"column":62}},"type":"cond-expr","locations":[{"start":{"line":48,"column":44},"end":{"line":48,"column":57}},{"start":{"line":48,"column":60},"end":{"line":48,"column":62}}],"line":48},"3":{"loc":{"start":{"line":50,"column":11},"end":{"line":52,"column":11}},"type":"binary-expr","locations":[{"start":{"line":50,"column":11},"end":{"line":50,"column":29}},{"start":{"line":51,"column":12},"end":{"line":51,"column":67}}],"line":50},"4":{"loc":{"start":{"line":66,"column":23},"end":{"line":66,"column":54}},"type":"cond-expr","locations":[{"start":{"line":66,"column":36},"end":{"line":66,"column":49}},{"start":{"line":66,"column":52},"end":{"line":66,"column":54}}],"line":66},"5":{"loc":{"start":{"line":68,"column":11},"end":{"line":68,"column":72}},"type":"binary-expr","locations":[{"start":{"line":68,"column":11},"end":{"line":68,"column":21}},{"start":{"line":68,"column":25},"end":{"line":68,"column":72}}],"line":68},"6":{"loc":{"start":{"line":83,"column":23},"end":{"line":83,"column":57}},"type":"cond-expr","locations":[{"start":{"line":83,"column":39},"end":{"line":83,"column":52}},{"start":{"line":83,"column":55},"end":{"line":83,"column":57}}],"line":83},"7":{"loc":{"start":{"line":85,"column":11},"end":{"line":87,"column":11}},"type":"binary-expr","locations":[{"start":{"line":85,"column":11},"end":{"line":85,"column":24}},{"start":{"line":86,"column":12},"end":{"line":86,"column":62}}],"line":85},"8":{"loc":{"start":{"line":98,"column":23},"end":{"line":98,"column":57}},"type":"cond-expr","locations":[{"start":{"line":98,"column":39},"end":{"line":98,"column":52}},{"start":{"line":98,"column":55},"end":{"line":98,"column":57}}],"line":98},"9":{"loc":{"start":{"line":117,"column":11},"end":{"line":119,"column":11}},"type":"binary-expr","locations":[{"start":{"line":117,"column":11},"end":{"line":117,"column":24}},{"start":{"line":118,"column":12},"end":{"line":118,"column":62}}],"line":117},"10":{"loc":{"start":{"line":131,"column":23},"end":{"line":131,"column":61}},"type":"cond-expr","locations":[{"start":{"line":131,"column":43},"end":{"line":131,"column":56}},{"start":{"line":131,"column":59},"end":{"line":131,"column":61}}],"line":131},"11":{"loc":{"start":{"line":133,"column":11},"end":{"line":135,"column":11}},"type":"binary-expr","locations":[{"start":{"line":133,"column":11},"end":{"line":133,"column":28}},{"start":{"line":134,"column":12},"end":{"line":134,"column":66}}],"line":133}},"s":{"0":59},"f":{"0":59},"b":{"0":[1,58],"1":[59,1],"2":[0,59],"3":[59,0],"4":[2,57],"5":[59,2],"6":[1,58],"7":[59,1],"8":[0,59],"9":[59,0],"10":[0,59],"11":[59,0]},"_coverageSchema":"1a1c01bbd47fc00a2c39e90264f33305004495a9","hash":"2cc70a87a013776928b1f36fb833c17b07ca98cf"}
,"/home/priyatna/Downloads/Resume priyatna/dicoding/ims-finance-app/src/components/HasilKalkulasi.jsx": {"path":"/home/priyatna/Downloads/Resume priyatna/dicoding/ims-finance-app/src/components/HasilKalkulasi.jsx","statementMap":{"0":{"start":{"line":13,"column":2},"end":{"line":69,"column":4}}},"fnMap":{"0":{"name":"HasilKalkulasi","decl":{"start":{"line":12,"column":9},"end":{"line":12,"column":23}},"loc":{"start":{"line":12,"column":43},"end":{"line":70,"column":1}},"line":12}},"branchMap":{},"s":{"0":18},"f":{"0":18},"b":{},"_coverageSchema":"1a1c01bbd47fc00a2c39e90264f33305004495a9","hash":"cb6fd3c366f9aac1711ea95ebdfbbe504219b878"}
,"/home/priyatna/Downloads/Resume priyatna/dicoding/ims-finance-app/src/components/TabSoal2.jsx": {"path":"/home/priyatna/Downloads/Resume priyatna/dicoding/ims-finance-app/src/components/TabSoal2.jsx","statementMap":{"0":{"start":{"line":16,"column":2},"end":{"line":104,"column":4}}},"fnMap":{"0":{"name":"TabSoal2","decl":{"start":{"line":15,"column":9},"end":{"line":15,"column":17}},"loc":{"start":{"line":15,"column":31},"end":{"line":105,"column":1}},"line":15}},"branchMap":{},"s":{"0":0},"f":{"0":0},"b":{},"_coverageSchema":"1a1c01bbd47fc00a2c39e90264f33305004495a9","hash":"543a94c4e24fef95a9a4f88724d925d1664c87f2"}
,"/home/priyatna/Downloads/Resume priyatna/dicoding/ims-finance-app/src/components/TabSoal3.jsx": {"path":"/home/priyatna/Downloads/Resume priyatna/dicoding/ims-finance-app/src/components/TabSoal3.jsx","statementMap":{"0":{"start":{"line":17,"column":20},"end":{"line":17,"column":75}},"1":{"start":{"line":17,"column":47},"end":{"line":17,"column":71}},"2":{"start":{"line":18,"column":21},"end":{"line":18,"column":69}},"3":{"start":{"line":18,"column":48},"end":{"line":18,"column":65}},"4":{"start":{"line":20,"column":2},"end":{"line":150,"column":4}},"5":{"start":{"line":101,"column":16},"end":{"line":117,"column":21}},"6":{"start":{"line":133,"column":12},"end":{"line":145,"column":18}}},"fnMap":{"0":{"name":"TabSoal3","decl":{"start":{"line":15,"column":9},"end":{"line":15,"column":17}},"loc":{"start":{"line":15,"column":33},"end":{"line":151,"column":1}},"line":15},"1":{"name":"(anonymous_1)","decl":{"start":{"line":17,"column":37},"end":{"line":17,"column":38}},"loc":{"start":{"line":17,"column":47},"end":{"line":17,"column":71}},"line":17},"2":{"name":"(anonymous_2)","decl":{"start":{"line":18,"column":38},"end":{"line":18,"column":39}},"loc":{"start":{"line":18,"column":48},"end":{"line":18,"column":65}},"line":18},"3":{"name":"(anonymous_3)","decl":{"start":{"line":100,"column":29},"end":{"line":100,"column":30}},"loc":{"start":{"line":101,"column":16},"end":{"line":117,"column":21}},"line":101},"4":{"name":"(anonymous_4)","decl":{"start":{"line":132,"column":25},"end":{"line":132,"column":26}},"loc":{"start":{"line":133,"column":12},"end":{"line":145,"column":18}},"line":133}},"branchMap":{},"s":{"0":0,"1":0,"2":0,"3":0,"4":0,"5":0,"6":0},"f":{"0":0,"1":0,"2":0,"3":0,"4":0},"b":{},"_coverageSchema":"1a1c01bbd47fc00a2c39e90264f33305004495a9","hash":"c915c38c43e13f4d315241fbb37718e1343c033c"}
,"/home/priyatna/Downloads/Resume priyatna/dicoding/ims-finance-app/src/components/TabelJadwal.jsx": {"path":"/home/priyatna/Downloads/Resume priyatna/dicoding/ims-finance-app/src/components/TabelJadwal.jsx","statementMap":{"0":{"start":{"line":17,"column":2},"end":{"line":71,"column":4}},"1":{"start":{"line":38,"column":14},"end":{"line":52,"column":19}}},"fnMap":{"0":{"name":"TabelJadwal","decl":{"start":{"line":16,"column":9},"end":{"line":16,"column":20}},"loc":{"start":{"line":16,"column":45},"end":{"line":72,"column":1}},"line":16},"1":{"name":"(anonymous_1)","decl":{"start":{"line":37,"column":24},"end":{"line":37,"column":25}},"loc":{"start":{"line":38,"column":14},"end":{"line":52,"column":19}},"line":38}},"branchMap":{},"s":{"0":18,"1":336},"f":{"0":18,"1":336},"b":{},"_coverageSchema":"1a1c01bbd47fc00a2c39e90264f33305004495a9","hash":"866edae73be72c8f305b54c27edf75cf40fcc60e"}
,"/home/priyatna/Downloads/Resume priyatna/dicoding/ims-finance-app/src/utils/kreditUtils.js": {"path":"/home/priyatna/Downloads/Resume priyatna/dicoding/ims-finance-app/src/utils/kreditUtils.js","statementMap":{"0":{"start":{"line":17,"column":2},"end":{"line":23,"column":3}},"1":{"start":{"line":18,"column":4},"end":{"line":18,"column":40}},"2":{"start":{"line":19,"column":9},"end":{"line":23,"column":3}},"3":{"start":{"line":20,"column":4},"end":{"line":20,"column":40}},"4":{"start":{"line":22,"column":4},"end":{"line":22,"column":43}},"5":{"start":{"line":34,"column":2},"end":{"line":34,"column":29}},"6":{"start":{"line":45,"column":2},"end":{"line":45,"column":18}},"7":{"start":{"line":68,"column":16},"end":{"line":68,"column":32}},"8":{"start":{"line":70,"column":21},"end":{"line":70,"column":51}},"9":{"start":{"line":71,"column":21},"end":{"line":71,"column":44}},"10":{"start":{"line":72,"column":2},"end":{"line":72,"column":46}},"11":{"start":{"line":91,"column":17},"end":{"line":91,"column":19}},"12":{"start":{"line":93,"column":29},"end":{"line":93,"column":64}},"13":{"start":{"line":95,"column":2},"end":{"line":111,"column":3}},"14":{"start":{"line":95,"column":15},"end":{"line":95,"column":16}},"15":{"start":{"line":98,"column":16},"end":{"line":98,"column":50}},"16":{"start":{"line":101,"column":17},"end":{"line":101,"column":34}},"17":{"start":{"line":102,"column":15},"end":{"line":102,"column":58}},"18":{"start":{"line":103,"column":15},"end":{"line":103,"column":53}},"19":{"start":{"line":105,"column":4},"end":{"line":110,"column":7}},"20":{"start":{"line":113,"column":2},"end":{"line":113,"column":16}},"21":{"start":{"line":124,"column":2},"end":{"line":127,"column":4}},"22":{"start":{"line":138,"column":17},"end":{"line":138,"column":19}},"23":{"start":{"line":140,"column":2},"end":{"line":142,"column":3}},"24":{"start":{"line":141,"column":4},"end":{"line":141,"column":52}},"25":{"start":{"line":144,"column":2},"end":{"line":146,"column":3}},"26":{"start":{"line":145,"column":4},"end":{"line":145,"column":50}},"27":{"start":{"line":148,"column":2},"end":{"line":150,"column":3}},"28":{"start":{"line":149,"column":4},"end":{"line":149,"column":61}},"29":{"start":{"line":152,"column":2},"end":{"line":159,"column":3}},"30":{"start":{"line":158,"column":4},"end":{"line":158,"column":62}},"31":{"start":{"line":161,"column":2},"end":{"line":163,"column":3}},"32":{"start":{"line":162,"column":4},"end":{"line":162,"column":57}},"33":{"start":{"line":165,"column":2},"end":{"line":167,"column":3}},"34":{"start":{"line":166,"column":4},"end":{"line":166,"column":61}},"35":{"start":{"line":169,"column":2},"end":{"line":169,"column":16}},"36":{"start":{"line":196,"column":17},"end":{"line":196,"column":37}},"37":{"start":{"line":199,"column":26},"end":{"line":202,"column":4}},"38":{"start":{"line":200,"column":16},"end":{"line":200,"column":49}},"39":{"start":{"line":201,"column":4},"end":{"line":201,"column":25}},"40":{"start":{"line":205,"column":16},"end":{"line":208,"column":3}},"41":{"start":{"line":206,"column":18},"end":{"line":206,"column":46}},"42":{"start":{"line":210,"column":2},"end":{"line":215,"column":4}},"43":{"start":{"line":255,"column":17},"end":{"line":255,"column":37}},"44":{"start":{"line":256,"column":21},"end":{"line":256,"column":40}},"45":{"start":{"line":258,"column":2},"end":{"line":283,"column":57}},"46":{"start":{"line":260,"column":18},"end":{"line":260,"column":51}},"47":{"start":{"line":262,"column":6},"end":{"line":262,"column":65}},"48":{"start":{"line":265,"column":18},"end":{"line":265,"column":51}},"49":{"start":{"line":267,"column":32},"end":{"line":267,"column":71}},"50":{"start":{"line":269,"column":25},"end":{"line":271,"column":7}},"51":{"start":{"line":273,"column":6},"end":{"line":281,"column":8}},"52":{"start":{"line":283,"column":20},"end":{"line":283,"column":55}}},"fnMap":{"0":{"name":"getBunga","decl":{"start":{"line":16,"column":16},"end":{"line":16,"column":24}},"loc":{"start":{"line":16,"column":38},"end":{"line":24,"column":1}},"line":16},"1":{"name":"hitungDP","decl":{"start":{"line":33,"column":16},"end":{"line":33,"column":24}},"loc":{"start":{"line":33,"column":37},"end":{"line":35,"column":1}},"line":33},"2":{"name":"hitungPokokUtang","decl":{"start":{"line":44,"column":16},"end":{"line":44,"column":32}},"loc":{"start":{"line":44,"column":42},"end":{"line":46,"column":1}},"line":44},"3":{"name":"hitungAngsuranPerBulan","decl":{"start":{"line":66,"column":16},"end":{"line":66,"column":38}},"loc":{"start":{"line":66,"column":75},"end":{"line":73,"column":1}},"line":66},"4":{"name":"generateJadwalAngsuran","decl":{"start":{"line":85,"column":16},"end":{"line":85,"column":38}},"loc":{"start":{"line":90,"column":2},"end":{"line":114,"column":1}},"line":90},"5":{"name":"formatRupiah","decl":{"start":{"line":123,"column":16},"end":{"line":123,"column":28}},"loc":{"start":{"line":123,"column":36},"end":{"line":128,"column":1}},"line":123},"6":{"name":"validateForm","decl":{"start":{"line":137,"column":16},"end":{"line":137,"column":28}},"loc":{"start":{"line":137,"column":35},"end":{"line":170,"column":1}},"line":137},"7":{"name":"queryTotalJatuhTempo","decl":{"start":{"line":195,"column":16},"end":{"line":195,"column":36}},"loc":{"start":{"line":195,"column":80},"end":{"line":216,"column":1}},"line":195},"8":{"name":"(anonymous_8)","decl":{"start":{"line":199,"column":40},"end":{"line":199,"column":41}},"loc":{"start":{"line":199,"column":49},"end":{"line":202,"column":3}},"line":199},"9":{"name":"(anonymous_9)","decl":{"start":{"line":206,"column":4},"end":{"line":206,"column":5}},"loc":{"start":{"line":206,"column":18},"end":{"line":206,"column":46}},"line":206},"10":{"name":"queryDendaKeterlambatan","decl":{"start":{"line":247,"column":16},"end":{"line":247,"column":39}},"loc":{"start":{"line":254,"column":2},"end":{"line":284,"column":1}},"line":254},"11":{"name":"(anonymous_11)","decl":{"start":{"line":259,"column":12},"end":{"line":259,"column":13}},"loc":{"start":{"line":259,"column":21},"end":{"line":263,"column":5}},"line":259},"12":{"name":"(anonymous_12)","decl":{"start":{"line":264,"column":9},"end":{"line":264,"column":10}},"loc":{"start":{"line":264,"column":18},"end":{"line":282,"column":5}},"line":264},"13":{"name":"(anonymous_13)","decl":{"start":{"line":283,"column":10},"end":{"line":283,"column":11}},"loc":{"start":{"line":283,"column":20},"end":{"line":283,"column":55}},"line":283}},"branchMap":{"0":{"loc":{"start":{"line":17,"column":2},"end":{"line":23,"column":3}},"type":"if","locations":[{"start":{"line":17,"column":2},"end":{"line":23,"column":3}},{"start":{"line":19,"column":9},"end":{"line":23,"column":3}}],"line":17},"1":{"loc":{"start":{"line":19,"column":9},"end":{"line":23,"column":3}},"type":"if","locations":[{"start":{"line":19,"column":9},"end":{"line":23,"column":3}},{"start":{"line":21,"column":9},"end":{"line":23,"column":3}}],"line":19},"2":{"loc":{"start":{"line":140,"column":2},"end":{"line":142,"column":3}},"type":"if","locations":[{"start":{"line":140,"column":2},"end":{"line":142,"column":3}},{"start":{},"end":{}}],"line":140},"3":{"loc":{"start":{"line":140,"column":6},"end":{"line":140,"column":49}},"type":"binary-expr","locations":[{"start":{"line":140,"column":6},"end":{"line":140,"column":22}},{"start":{"line":140,"column":26},"end":{"line":140,"column":49}}],"line":140},"4":{"loc":{"start":{"line":144,"column":2},"end":{"line":146,"column":3}},"type":"if","locations":[{"start":{"line":144,"column":2},"end":{"line":146,"column":3}},{"start":{},"end":{}}],"line":144},"5":{"loc":{"start":{"line":144,"column":6},"end":{"line":144,"column":51}},"type":"binary-expr","locations":[{"start":{"line":144,"column":6},"end":{"line":144,"column":23}},{"start":{"line":144,"column":27},"end":{"line":144,"column":51}}],"line":144},"6":{"loc":{"start":{"line":148,"column":2},"end":{"line":150,"column":3}},"type":"if","locations":[{"start":{"line":148,"column":2},"end":{"line":150,"column":3}},{"start":{},"end":{}}],"line":148},"7":{"loc":{"start":{"line":148,"column":6},"end":{"line":148,"column":53}},"type":"binary-expr","locations":[{"start":{"line":148,"column":6},"end":{"line":148,"column":15}},{"start":{"line":148,"column":19},"end":{"line":148,"column":35}},{"start":{"line":148,"column":39},"end":{"line":148,"column":53}}],"line":148},"8":{"loc":{"start":{"line":152,"column":2},"end":{"line":159,"column":3}},"type":"if","locations":[{"start":{"line":152,"column":2},"end":{"line":159,"column":3}},{"start":{},"end":{}}],"line":152},"9":{"loc":{"start":{"line":153,"column":4},"end":{"line":156,"column":23}},"type":"binary-expr","locations":[{"start":{"line":153,"column":4},"end":{"line":153,"column":22}},{"start":{"line":154,"column":4},"end":{"line":154,"column":23}},{"start":{"line":155,"column":4},"end":{"line":155,"column":20}},{"start":{"line":156,"column":4},"end":{"line":156,"column":23}}],"line":153},"10":{"loc":{"start":{"line":161,"column":2},"end":{"line":163,"column":3}},"type":"if","locations":[{"start":{"line":161,"column":2},"end":{"line":163,"column":3}},{"start":{},"end":{}}],"line":161},"11":{"loc":{"start":{"line":161,"column":6},"end":{"line":161,"column":61}},"type":"binary-expr","locations":[{"start":{"line":161,"column":6},"end":{"line":161,"column":18}},{"start":{"line":161,"column":22},"end":{"line":161,"column":41}},{"start":{"line":161,"column":45},"end":{"line":161,"column":61}}],"line":161},"12":{"loc":{"start":{"line":165,"column":2},"end":{"line":167,"column":3}},"type":"if","locations":[{"start":{"line":165,"column":2},"end":{"line":167,"column":3}},{"start":{},"end":{}}],"line":165},"13":{"loc":{"start":{"line":253,"column":2},"end":{"line":253,"column":26}},"type":"default-arg","locations":[{"start":{"line":253,"column":21},"end":{"line":253,"column":26}}],"line":253},"14":{"loc":{"start":{"line":262,"column":13},"end":{"line":262,"column":64}},"type":"binary-expr","locations":[{"start":{"line":262,"column":13},"end":{"line":262,"column":25}},{"start":{"line":262,"column":29},"end":{"line":262,"column":64}}],"line":262}},"s":{"0":24,"1":3,"2":21,"3":18,"4":3,"5":22,"6":21,"7":23,"8":23,"9":23,"10":23,"11":20,"12":20,"13":20,"14":20,"15":372,"16":372,"17":372,"18":372,"19":372,"20":20,"21":502,"22":35,"23":35,"24":4,"25":35,"26":2,"27":35,"28":6,"29":35,"30":4,"31":35,"32":2,"33":35,"34":2,"35":35,"36":23,"37":23,"38":426,"39":426,"40":23,"41":148,"42":23,"43":20,"44":20,"45":20,"46":372,"47":372,"48":38,"49":38,"50":38,"51":38,"52":19},"f":{"0":24,"1":22,"2":21,"3":23,"4":20,"5":502,"6":35,"7":23,"8":426,"9":148,"10":20,"11":372,"12":38,"13":19},"b":{"0":[3,21],"1":[18,3],"2":[4,31],"3":[35,32],"4":[2,33],"5":[35,33],"6":[6,29],"7":[35,33,32],"8":[4,31],"9":[35,34,34,33],"10":[2,33],"11":[35,34,34],"12":[2,33],"13":[20],"14":[372,140]},"_coverageSchema":"1a1c01bbd47fc00a2c39e90264f33305004495a9","hash":"81d27f890571748fbe7df05e73fa4c4ba9a3ef0a"}
}
