TN:
SF:src/App.jsx
FN:23,App
FN:44,handleChange
FN:46,(anonymous_2)
FN:55,handleSubmit
FNF:4
FNH:4
FNDA:59,App
FNDA:9,handleChange
FNDA:9,(anonymous_2)
FNDA:22,handleSubmit
DA:25,59
DA:35,59
DA:38,59
DA:45,9
DA:46,9
DA:48,9
DA:57,22
DA:59,22
DA:61,4
DA:62,4
DA:66,18
DA:69,18
DA:70,18
DA:71,18
DA:74,18
DA:75,18
DA:76,18
DA:77,18
DA:78,18
DA:79,18
DA:82,18
DA:90,18
DA:104,59
LF:23
LH:23
BRDA:59,0,0,4
BRDA:59,0,1,18
BRDA:125,1,0,59
BRDA:125,1,1,18
BRF:4
BRH:4
end_of_record
TN:
SF:src/components/FormKredit.jsx
FN:12,FormKredit
FNF:1
FNH:1
FNDA:59,FormKredit
DA:13,59
LF:1
LH:1
BRDA:30,0,0,1
BRDA:30,0,1,58
BRDA:33,1,0,59
BRDA:33,1,1,1
BRDA:48,2,0,0
BRDA:48,2,1,59
BRDA:50,3,0,59
BRDA:50,3,1,0
BRDA:66,4,0,2
BRDA:66,4,1,57
BRDA:68,5,0,59
BRDA:68,5,1,2
BRDA:83,6,0,1
BRDA:83,6,1,58
BRDA:85,7,0,59
BRDA:85,7,1,1
BRDA:98,8,0,0
BRDA:98,8,1,59
BRDA:117,9,0,59
BRDA:117,9,1,0
BRDA:131,10,0,0
BRDA:131,10,1,59
BRDA:133,11,0,59
BRDA:133,11,1,0
BRF:24
BRH:18
end_of_record
TN:
SF:src/components/HasilKalkulasi.jsx
FN:12,HasilKalkulasi
FNF:1
FNH:1
FNDA:18,HasilKalkulasi
DA:13,18
LF:1
LH:1
BRF:0
BRH:0
end_of_record
TN:
SF:src/components/TabelJadwal.jsx
FN:16,TabelJadwal
FN:37,(anonymous_1)
FNF:2
FNH:2
FNDA:18,TabelJadwal
FNDA:336,(anonymous_1)
DA:17,18
DA:38,336
LF:2
LH:2
BRF:0
BRH:0
end_of_record
TN:
SF:src/utils/kreditUtils.js
FN:11,getBunga
FN:28,hitungDP
FN:39,hitungPokokUtang
FN:61,hitungAngsuranPerBulan
FN:80,generateJadwalAngsuran
FN:118,formatRupiah
FN:132,validateForm
FNF:7
FNH:7
FNDA:24,getBunga
FNDA:22,hitungDP
FNDA:21,hitungPokokUtang
FNDA:23,hitungAngsuranPerBulan
FNDA:19,generateJadwalAngsuran
FNDA:502,formatRupiah
FNDA:35,validateForm
DA:12,24
DA:13,3
DA:14,21
DA:15,18
DA:17,3
DA:29,22
DA:40,21
DA:63,23
DA:65,23
DA:66,23
DA:67,23
DA:86,19
DA:88,19
DA:90,19
DA:93,354
DA:96,354
DA:97,354
DA:98,354
DA:100,354
DA:108,19
DA:119,502
DA:133,35
DA:135,35
DA:136,4
DA:139,35
DA:140,2
DA:143,35
DA:144,6
DA:147,35
DA:153,4
DA:156,35
DA:157,2
DA:160,35
DA:161,2
DA:164,35
LF:35
LH:35
BRDA:12,0,0,3
BRDA:12,0,1,21
BRDA:14,1,0,18
BRDA:14,1,1,3
BRDA:135,2,0,4
BRDA:135,2,1,31
BRDA:135,3,0,35
BRDA:135,3,1,32
BRDA:139,4,0,2
BRDA:139,4,1,33
BRDA:139,5,0,35
BRDA:139,5,1,33
BRDA:143,6,0,6
BRDA:143,6,1,29
BRDA:143,7,0,35
BRDA:143,7,1,33
BRDA:143,7,2,32
BRDA:147,8,0,4
BRDA:147,8,1,31
BRDA:148,9,0,35
BRDA:148,9,1,34
BRDA:148,9,2,34
BRDA:148,9,3,33
BRDA:156,10,0,2
BRDA:156,10,1,33
BRDA:156,11,0,35
BRDA:156,11,1,34
BRDA:156,11,2,34
BRDA:160,12,0,2
BRDA:160,12,1,33
BRF:30
BRH:30
end_of_record
