TN:
SF:src/App.jsx
FN:27,App
FN:42,handleChange
FN:44,(anonymous_2)
FN:48,handleSubmit
FN:111,(anonymous_4)
FN:115,(anonymous_5)
FNF:6
FNH:5
FNDA:59,App
FNDA:9,handleChange
FNDA:9,(anonymous_2)
FNDA:22,handleSubmit
FNDA:54,(anonymous_4)
FNDA:0,(anonymous_5)
DA:24,1
DA:25,1
DA:29,59
DA:37,59
DA:38,59
DA:40,59
DA:43,9
DA:44,9
DA:45,9
DA:49,22
DA:50,22
DA:51,4
DA:52,4
DA:54,18
DA:57,18
DA:58,18
DA:59,18
DA:60,18
DA:61,18
DA:62,18
DA:63,18
DA:64,18
DA:65,18
DA:66,18
DA:71,18
DA:76,18
DA:81,18
DA:86,59
DA:112,54
DA:115,0
LF:30
LH:29
BRDA:50,0,0,4
BRDA:50,0,1,18
BRDA:103,1,0,59
BRDA:103,1,1,18
BRDA:114,2,0,18
BRDA:114,2,1,36
BRDA:123,3,0,18
BRDA:123,3,1,18
BRDA:129,4,0,18
BRDA:129,4,1,0
BRDA:132,5,0,18
BRDA:132,5,1,0
BRF:12
BRH:10
end_of_record
TN:
SF:src/components/FormKredit.jsx
FN:12,FormKredit
FNF:1
FNH:1
FNDA:59,FormKredit
DA:13,59
LF:1
LH:1
BRDA:30,0,0,1
BRDA:30,0,1,58
BRDA:33,1,0,59
BRDA:33,1,1,1
BRDA:48,2,0,0
BRDA:48,2,1,59
BRDA:50,3,0,59
BRDA:50,3,1,0
BRDA:66,4,0,2
BRDA:66,4,1,57
BRDA:68,5,0,59
BRDA:68,5,1,2
BRDA:83,6,0,1
BRDA:83,6,1,58
BRDA:85,7,0,59
BRDA:85,7,1,1
BRDA:98,8,0,0
BRDA:98,8,1,59
BRDA:117,9,0,59
BRDA:117,9,1,0
BRDA:131,10,0,0
BRDA:131,10,1,59
BRDA:133,11,0,59
BRDA:133,11,1,0
BRF:24
BRH:18
end_of_record
TN:
SF:src/components/HasilKalkulasi.jsx
FN:12,HasilKalkulasi
FNF:1
FNH:1
FNDA:18,HasilKalkulasi
DA:13,18
LF:1
LH:1
BRF:0
BRH:0
end_of_record
TN:
SF:src/components/TabSoal2.jsx
FN:15,TabSoal2
FNF:1
FNH:0
FNDA:0,TabSoal2
DA:16,0
LF:1
LH:0
BRF:0
BRH:0
end_of_record
TN:
SF:src/components/TabSoal3.jsx
FN:15,TabSoal3
FN:17,(anonymous_1)
FN:18,(anonymous_2)
FN:100,(anonymous_3)
FN:132,(anonymous_4)
FNF:5
FNH:0
FNDA:0,TabSoal3
FNDA:0,(anonymous_1)
FNDA:0,(anonymous_2)
FNDA:0,(anonymous_3)
FNDA:0,(anonymous_4)
DA:17,0
DA:18,0
DA:20,0
DA:101,0
DA:133,0
LF:5
LH:0
BRF:0
BRH:0
end_of_record
TN:
SF:src/components/TabelJadwal.jsx
FN:16,TabelJadwal
FN:37,(anonymous_1)
FNF:2
FNH:2
FNDA:18,TabelJadwal
FNDA:336,(anonymous_1)
DA:17,18
DA:38,336
LF:2
LH:2
BRF:0
BRH:0
end_of_record
TN:
SF:src/utils/kreditUtils.js
FN:16,getBunga
FN:33,hitungDP
FN:44,hitungPokokUtang
FN:66,hitungAngsuranPerBulan
FN:85,generateJadwalAngsuran
FN:123,formatRupiah
FN:137,validateForm
FN:195,queryTotalJatuhTempo
FN:199,(anonymous_8)
FN:206,(anonymous_9)
FN:247,queryDendaKeterlambatan
FN:259,(anonymous_11)
FN:264,(anonymous_12)
FN:283,(anonymous_13)
FNF:14
FNH:14
FNDA:24,getBunga
FNDA:22,hitungDP
FNDA:21,hitungPokokUtang
FNDA:23,hitungAngsuranPerBulan
FNDA:20,generateJadwalAngsuran
FNDA:502,formatRupiah
FNDA:35,validateForm
FNDA:23,queryTotalJatuhTempo
FNDA:426,(anonymous_8)
FNDA:148,(anonymous_9)
FNDA:20,queryDendaKeterlambatan
FNDA:372,(anonymous_11)
FNDA:38,(anonymous_12)
FNDA:19,(anonymous_13)
DA:17,24
DA:18,3
DA:19,21
DA:20,18
DA:22,3
DA:34,22
DA:45,21
DA:68,23
DA:70,23
DA:71,23
DA:72,23
DA:91,20
DA:93,20
DA:95,20
DA:98,372
DA:101,372
DA:102,372
DA:103,372
DA:105,372
DA:113,20
DA:124,502
DA:138,35
DA:140,35
DA:141,4
DA:144,35
DA:145,2
DA:148,35
DA:149,6
DA:152,35
DA:158,4
DA:161,35
DA:162,2
DA:165,35
DA:166,2
DA:169,35
DA:196,23
DA:199,23
DA:200,426
DA:201,426
DA:205,23
DA:206,148
DA:210,23
DA:255,20
DA:256,20
DA:258,20
DA:260,372
DA:262,372
DA:265,38
DA:267,38
DA:269,38
DA:273,38
DA:283,19
LF:52
LH:52
BRDA:17,0,0,3
BRDA:17,0,1,21
BRDA:19,1,0,18
BRDA:19,1,1,3
BRDA:140,2,0,4
BRDA:140,2,1,31
BRDA:140,3,0,35
BRDA:140,3,1,32
BRDA:144,4,0,2
BRDA:144,4,1,33
BRDA:144,5,0,35
BRDA:144,5,1,33
BRDA:148,6,0,6
BRDA:148,6,1,29
BRDA:148,7,0,35
BRDA:148,7,1,33
BRDA:148,7,2,32
BRDA:152,8,0,4
BRDA:152,8,1,31
BRDA:153,9,0,35
BRDA:153,9,1,34
BRDA:153,9,2,34
BRDA:153,9,3,33
BRDA:161,10,0,2
BRDA:161,10,1,33
BRDA:161,11,0,35
BRDA:161,11,1,34
BRDA:161,11,2,34
BRDA:165,12,0,2
BRDA:165,12,1,33
BRDA:253,13,0,20
BRDA:262,14,0,372
BRDA:262,14,1,140
BRF:33
BRH:33
end_of_record
